<?xml version="1.0" encoding="UTF-8"?>
<testsuite name="ru.stqa.pft.sandbox.PrimeTests" tests="1" skipped="1" failures="0" errors="0" timestamp="2020-04-04T10:52:19" hostname="DESKTOP-LRA1H77" time="4.707">
  <properties/>
  <testcase name="testPrimeFast" classname="ru.stqa.pft.sandbox.PrimeTests" time="4.707">
    <skipped/>
  </testcase>
  <system-out><![CDATA[]]></system-out>
  <system-err><![CDATA[]]></system-err>
</testsuite>
