<?xml version="1.0" encoding="UTF-8"?>
<testsuite name="ru.stqa.pft.addressbook.tests.ContactCreationTests" tests="2" skipped="0" failures="0" errors="0" timestamp="2020-04-19T10:51:33" hostname="DESKTOP-LRA1H77" time="6.141">
  <properties/>
  <testcase name="testContactCreation[0](ContactData{id='2147483647', firstName='First Name 1', lastName='Last Name 1'})" classname="ru.stqa.pft.addressbook.tests.ContactCreationTests" time="3.246"/>
  <testcase name="testContactCreation[1](ContactData{id='2147483647', firstName='First Name 12', lastName='Last Name 2'})" classname="ru.stqa.pft.addressbook.tests.ContactCreationTests" time="2.894"/>
  <system-out><![CDATA[]]></system-out>
  <system-err><![CDATA[]]></system-err>
</testsuite>
