<?xml version="1.0" encoding="UTF-8"?>
<testsuite name="ru.stqa.pft.addressbook.tests.GroupCreationTests" tests="1" skipped="0" failures="0" errors="0" timestamp="2020-03-27T11:31:57" hostname="DESKTOP-LRA1H77" time="1.299">
  <properties/>
  <testcase name="testGroupCreation" classname="ru.stqa.pft.addressbook.tests.GroupCreationTests" time="1.299"/>
  <system-out><![CDATA[]]></system-out>
  <system-err><![CDATA[1585308717149	Marionette	DEBUG	0 -> [0,18,"WebDriver:FindElement",{"using":"link text","value":"groups"}]
1585308717188	Marionette	DEBUG	0 <- [1,18,null,{"value":{"element-6066-11e4-a52e-4f735466cecf":"315a0bd9-e5c5-4425-aaa6-7f5efe603359"}}]
1585308717194	Marionette	DEBUG	0 -> [0,19,"WebDriver:ElementClick",{"id":"315a0bd9-e5c5-4425-aaa6-7f5efe603359"}]
1585308717206	Marionette	TRACE	[19] Received DOM event beforeunload for http://localhost/addressbook/
1585308717283	Marionette	TRACE	[19] Received DOM event pagehide for http://localhost/addressbook/
1585308717284	Marionette	TRACE	[19] Received DOM event unload for http://localhost/addressbook/
1585308717291	Marionette	TRACE	[19] Received DOM event DOMContentLoaded for http://localhost/addressbook/group.php
1585308717302	Marionette	TRACE	[19] Received DOM event pageshow for http://localhost/addressbook/group.php
1585308717322	Marionette	DEBUG	0 <- [1,19,null,{"value":null}]
1585308717330	Marionette	DEBUG	0 -> [0,20,"WebDriver:FindElement",{"using":"css selector","value":"*[name='new']"}]
1585308717332	Marionette	DEBUG	0 <- [1,20,null,{"value":{"element-6066-11e4-a52e-4f735466cecf":"a1995409-623c-4b2a-ab6a-86db2a01d7f3"}}]
1585308717339	Marionette	DEBUG	0 -> [0,21,"WebDriver:ElementClick",{"id":"a1995409-623c-4b2a-ab6a-86db2a01d7f3"}]
1585308717347	Marionette	TRACE	[19] Received DOM event beforeunload for http://localhost/addressbook/group.php
1585308717408	Marionette	TRACE	[19] Received DOM event pagehide for http://localhost/addressbook/group.php
1585308717409	Marionette	TRACE	[19] Received DOM event unload for http://localhost/addressbook/group.php
1585308717416	Marionette	TRACE	[19] Received DOM event DOMContentLoaded for http://localhost/addressbook/group.php?new=New+group
1585308717427	Marionette	TRACE	[19] Received DOM event pageshow for http://localhost/addressbook/group.php?new=New+group
1585308717427	Marionette	DEBUG	0 <- [1,21,null,{"value":null}]
1585308717434	Marionette	DEBUG	0 -> [0,22,"WebDriver:FindElement",{"using":"css selector","value":"*[name='group_name']"}]
1585308717440	Marionette	DEBUG	0 <- [1,22,null,{"value":{"element-6066-11e4-a52e-4f735466cecf":"e36c2d92-54b8-4d50-9392-707b41dd075a"}}]
1585308717445	Marionette	DEBUG	0 -> [0,23,"WebDriver:ElementClick",{"id":"e36c2d92-54b8-4d50-9392-707b41dd075a"}]
1585308717656	Marionette	DEBUG	[19] Canceled page load listener because no navigation has been detected
1585308717657	Marionette	DEBUG	0 <- [1,23,null,{"value":null}]
1585308717661	Marionette	DEBUG	0 -> [0,24,"WebDriver:FindElement",{"using":"css selector","value":"*[name='group_name']"}]
1585308717663	Marionette	DEBUG	0 <- [1,24,null,{"value":{"element-6066-11e4-a52e-4f735466cecf":"e36c2d92-54b8-4d50-9392-707b41dd075a"}}]
1585308717668	Marionette	DEBUG	0 -> [0,25,"WebDriver:ElementClear",{"id":"e36c2d92-54b8-4d50-9392-707b41dd075a"}]
1585308717671	Marionette	DEBUG	0 <- [1,25,null,{"value":null}]
1585308717676	Marionette	DEBUG	0 -> [0,26,"WebDriver:FindElement",{"using":"css selector","value":"*[name='group_name']"}]
1585308717678	Marionette	DEBUG	0 <- [1,26,null,{"value":{"element-6066-11e4-a52e-4f735466cecf":"e36c2d92-54b8-4d50-9392-707b41dd075a"}}]
1585308717683	Marionette	DEBUG	0 -> [0,27,"WebDriver:ElementSendKeys",{"id":"e36c2d92-54b8-4d50-9392-707b41dd075a","text":"testF","value":["t","e","s","t","F"]}]
1585308717690	Marionette	DEBUG	0 <- [1,27,null,{"value":null}]
1585308717696	Marionette	DEBUG	0 -> [0,28,"WebDriver:FindElement",{"using":"css selector","value":"*[name='group_header']"}]
1585308717698	Marionette	DEBUG	0 <- [1,28,null,{"value":{"element-6066-11e4-a52e-4f735466cecf":"34db7b2d-3c7f-4aa3-9fb7-87aef77364f5"}}]
1585308717707	Marionette	DEBUG	0 -> [0,29,"WebDriver:ElementClick",{"id":"34db7b2d-3c7f-4aa3-9fb7-87aef77364f5"}]
1585308717916	Marionette	DEBUG	[19] Canceled page load listener because no navigation has been detected
1585308717917	Marionette	DEBUG	0 <- [1,29,null,{"value":null}]
1585308717923	Marionette	DEBUG	0 -> [0,30,"WebDriver:FindElement",{"using":"css selector","value":"*[name='group_header']"}]
1585308717924	Marionette	DEBUG	0 <- [1,30,null,{"value":{"element-6066-11e4-a52e-4f735466cecf":"34db7b2d-3c7f-4aa3-9fb7-87aef77364f5"}}]
1585308717929	Marionette	DEBUG	0 -> [0,31,"WebDriver:ElementClear",{"id":"34db7b2d-3c7f-4aa3-9fb7-87aef77364f5"}]
1585308717931	Marionette	DEBUG	0 <- [1,31,null,{"value":null}]
1585308717935	Marionette	DEBUG	0 -> [0,32,"WebDriver:FindElement",{"using":"css selector","value":"*[name='group_header']"}]
1585308717936	Marionette	DEBUG	0 <- [1,32,null,{"value":{"element-6066-11e4-a52e-4f735466cecf":"34db7b2d-3c7f-4aa3-9fb7-87aef77364f5"}}]
1585308717941	Marionette	DEBUG	0 -> [0,33,"WebDriver:ElementSendKeys",{"id":"34db7b2d-3c7f-4aa3-9fb7-87aef77364f5","text":"test3","value":["t","e","s","t","3"]}]
1585308717947	Marionette	DEBUG	0 <- [1,33,null,{"value":null}]
1585308717952	Marionette	DEBUG	0 -> [0,34,"WebDriver:FindElement",{"using":"css selector","value":"*[name='group_footer']"}]
1585308717955	Marionette	DEBUG	0 <- [1,34,null,{"value":{"element-6066-11e4-a52e-4f735466cecf":"c925e525-8176-4ea7-8feb-83292eeb6683"}}]
1585308717960	Marionette	DEBUG	0 -> [0,35,"WebDriver:ElementClick",{"id":"c925e525-8176-4ea7-8feb-83292eeb6683"}]
1585308718166	Marionette	DEBUG	[19] Canceled page load listener because no navigation has been detected
1585308718166	Marionette	DEBUG	0 <- [1,35,null,{"value":null}]
1585308718172	Marionette	DEBUG	0 -> [0,36,"WebDriver:FindElement",{"using":"css selector","value":"*[name='group_footer']"}]
1585308718174	Marionette	DEBUG	0 <- [1,36,null,{"value":{"element-6066-11e4-a52e-4f735466cecf":"c925e525-8176-4ea7-8feb-83292eeb6683"}}]
1585308718179	Marionette	DEBUG	0 -> [0,37,"WebDriver:ElementClear",{"id":"c925e525-8176-4ea7-8feb-83292eeb6683"}]
1585308718181	Marionette	DEBUG	0 <- [1,37,null,{"value":null}]
1585308718186	Marionette	DEBUG	0 -> [0,38,"WebDriver:FindElement",{"using":"css selector","value":"*[name='group_footer']"}]
1585308718187	Marionette	DEBUG	0 <- [1,38,null,{"value":{"element-6066-11e4-a52e-4f735466cecf":"c925e525-8176-4ea7-8feb-83292eeb6683"}}]
1585308718193	Marionette	DEBUG	0 -> [0,39,"WebDriver:ElementSendKeys",{"id":"c925e525-8176-4ea7-8feb-83292eeb6683","text":"test4","value":["t","e","s","t","4"]}]
1585308718200	Marionette	DEBUG	0 <- [1,39,null,{"value":null}]
1585308718205	Marionette	DEBUG	0 -> [0,40,"WebDriver:FindElement",{"using":"css selector","value":"*[name='submit']"}]
1585308718207	Marionette	DEBUG	0 <- [1,40,null,{"value":{"element-6066-11e4-a52e-4f735466cecf":"0940de3f-6ea7-4371-8fc9-705a05b42924"}}]
1585308718212	Marionette	DEBUG	0 -> [0,41,"WebDriver:ElementClick",{"id":"0940de3f-6ea7-4371-8fc9-705a05b42924"}]
1585308718221	Marionette	TRACE	[19] Received DOM event beforeunload for http://localhost/addressbook/group.php?new=New+group
1585308718295	Marionette	TRACE	[19] Received DOM event pagehide for http://localhost/addressbook/group.php?new=New+group
1585308718295	Marionette	TRACE	[19] Received DOM event unload for http://localhost/addressbook/group.php?new=New+group
1585308718308	Marionette	TRACE	[19] Received DOM event DOMContentLoaded for http://localhost/addressbook/group.php
1585308718315	Marionette	TRACE	[19] Received DOM event pageshow for http://localhost/addressbook/group.php
1585308718315	Marionette	DEBUG	0 <- [1,41,null,{"value":null}]
1585308718323	Marionette	DEBUG	0 -> [0,42,"WebDriver:FindElement",{"using":"link text","value":"groups"}]
1585308718346	Marionette	DEBUG	0 <- [1,42,null,{"value":{"element-6066-11e4-a52e-4f735466cecf":"1616494f-a73b-4414-aba6-80287072292e"}}]
1585308718349	Marionette	DEBUG	0 -> [0,43,"WebDriver:ElementClick",{"id":"1616494f-a73b-4414-aba6-80287072292e"}]
1585308718355	Marionette	TRACE	[19] Received DOM event beforeunload for http://localhost/addressbook/group.php
1585308718427	Marionette	TRACE	[19] Received DOM event pagehide for http://localhost/addressbook/group.php
1585308718428	Marionette	TRACE	[19] Received DOM event unload for http://localhost/addressbook/group.php
1585308718437	Marionette	TRACE	[19] Received DOM event DOMContentLoaded for http://localhost/addressbook/group.php
1585308718442	Marionette	TRACE	[19] Received DOM event pageshow for http://localhost/addressbook/group.php
1585308718443	Marionette	DEBUG	0 <- [1,43,null,{"value":null}]
]]></system-err>
</testsuite>
