<?xml version="1.0" encoding="UTF-8"?>
<testsuite name="ru.stqa.pft.addressbook.tests.ContactCreationTests" tests="5" skipped="0" failures="0" errors="0" timestamp="2020-04-19T11:14:44" hostname="DESKTOP-LRA1H77" time="19.164">
  <properties/>
  <testcase name="testContactCreation[0](ContactData{id='2147483647', firstName='First name 0', lastName='Last name 0'})" classname="ru.stqa.pft.addressbook.tests.ContactCreationTests" time="3.782"/>
  <testcase name="testContactCreation[1](ContactData{id='2147483647', firstName='First name 1', lastName='Last name 1'})" classname="ru.stqa.pft.addressbook.tests.ContactCreationTests" time="3.582"/>
  <testcase name="testContactCreation[2](ContactData{id='2147483647', firstName='First name 2', lastName='Last name 2'})" classname="ru.stqa.pft.addressbook.tests.ContactCreationTests" time="3.63"/>
  <testcase name="testContactCreation[3](ContactData{id='2147483647', firstName='First name 3', lastName='Last name 3'})" classname="ru.stqa.pft.addressbook.tests.ContactCreationTests" time="3.974"/>
  <testcase name="testContactCreation[4](ContactData{id='2147483647', firstName='First name 4', lastName='Last name 4'})" classname="ru.stqa.pft.addressbook.tests.ContactCreationTests" time="4.194"/>
  <system-out><![CDATA[]]></system-out>
  <system-err><![CDATA[]]></system-err>
</testsuite>
