<?xml version="1.0" encoding="UTF-8"?>
<testsuite name="ru.stqa.pft.addressbook.GroupCreationTests" tests="1" skipped="0" failures="0" errors="0" timestamp="2020-03-20T08:05:51" hostname="DESKTOP-LRA1H77" time="7.391">
  <properties/>
  <testcase name="testGroupCreationTests" classname="ru.stqa.pft.addressbook.GroupCreationTests" time="7.391"/>
  <system-out><![CDATA[]]></system-out>
  <system-err><![CDATA[]]></system-err>
</testsuite>
