<?xml version="1.0" encoding="UTF-8"?>
<testsuite name="ru.stqa.pft.addressbook.tests.GroupCreationTests" tests="2" skipped="0" failures="0" errors="0" timestamp="2020-04-22T06:01:01" hostname="DESKTOP-LRA1H77" time="2.436">
  <properties/>
  <testcase name="testBadGroupCreation" classname="ru.stqa.pft.addressbook.tests.GroupCreationTests" time="1.212"/>
  <testcase name="testGroupCreation[0](GroupData{groupId='2147483647', groupName='test1'})" classname="ru.stqa.pft.addressbook.tests.GroupCreationTests" time="1.173"/>
  <system-out><![CDATA[]]></system-out>
  <system-err><![CDATA[]]></system-err>
</testsuite>
